03:13:10 **** Incremental Build of configuration Release for project lintilla_embedded ****
make all 
Building file: ../lintilla_embedded.cpp
Starting C++ compile
"C:/HackSessions/Tools/arduino-1.5.2/hardware/tools/avr/bin/avr-g++" -c -g -Os -w -fno-exceptions -ffunction-sections -fdata-sections -MMD -mmcu=atmega2560 -DF_CPU=16000000L -DARDUINO=152    -I"C:\git\erni\lintilla-embedded\lib\plat\NewPing_v1.5\NewPing" -I"C:\git\erni\lintilla-embedded\lib\plat\timer\Timer" -I"C:\git\erni\lintilla-embedded\lib\plat\debounce\Debounce" -I"C:\git\erni\lintilla-embedded\lib\plat\blanking\Blanking" -I"C:\git\erni\lintilla-embedded\lib\comp\Adafruit_CC3000" -I"C:\git\erni\lintilla-embedded\lib\comp\Adafruit_CC3000\utility" -I"C:\git\erni\lintilla-embedded\lib\comp\lcdkeypad\LcdKeypad" -I"C:\git\erni\lintilla-embedded\lib\comp\motorpwm\MotorPWM" -I"C:\git\erni\lintilla-embedded\lib\comp\ivm" -I"C:\git\erni\lintilla-embedded\lib\comp\ultrasonicranging\UltrasonicRanging" -I"C:\git\erni\lintilla-embedded\lib\prod\lintilla_cmdhandler" -I"C:\git\erni\lintilla-embedded\lib\prod\lintilla_ivm" -I"C:\git\erni\lintilla-embedded\lib\comp\ivm\IVM" -I"C:\HackSessions\Tools\arduino-1.5.2\hardware\arduino\avr\cores\arduino" -I"C:\HackSessions\Tools\arduino-1.5.2\hardware\arduino\avr\variants\mega" -I"C:\HackSessions\Tools\arduino-1.5.2\libraries\LiquidCrystal" -I"C:\HackSessions\Tools\arduino-1.5.2\hardware\arduino\avr\libraries\EEPROM" -I"C:\HackSessions\Tools\arduino-1.5.2\hardware\arduino\avr\libraries\SPI" -I"C:\HackSessions\Tools\arduino-1.5.2\hardware\arduino\avr\libraries\Wire" -I"C:\HackSessions\Tools\arduino-1.5.2\hardware\arduino\avr\libraries\Wire\utility" -MMD -MP -MF"lintilla_embedded.cpp.d" -MT"lintilla_embedded.cpp.d" -x c++ "../lintilla_embedded.cpp"  -o  "lintilla_embedded.cpp.o"
Finished building: ../lintilla_embedded.cpp
 
Starting combiner
"C:/HackSessions/Tools/arduino-1.5.2/hardware/tools/avr/bin/avr-gcc" -Os -Wl,--gc-sections -mmcu=atmega2560 -o "C:/git/erni/lintilla-embedded/src/Release/lintilla_embedded.elf"    ./lintilla_ivm/LintillaIvm.cpp.o  ./lintilla_cmdhandler/Cmd.cpp.o ./lintilla_cmdhandler/CmdAdapter.cpp.o ./lintilla_cmdhandler/CmdSequence.cpp.o  ./ivm/IVM/Ivm.cpp.o ./ivm/IVM/IvmSerialEeprom.cpp.o  ./UltrasonicRanging/UltrasonicRanging.cpp.o ./UltrasonicRanging/UltrasonicSensor.cpp.o ./UltrasonicRanging/UltrasonicSensorHCSR04.cpp.o  ./Timer/Timer.cpp.o ./Timer/TimerAdapter.cpp.o ./Timer/TimerContext.cpp.o ./Timer/UptimeInfo.cpp.o  ./NewPing/NewPing.cpp.o  ./MotorPWM/MotorPWM.cpp.o ./MotorPWM/SN754410Driver.cpp.o  ./Libraries/Wire/utility/twi.c.o  ./Libraries/Wire/Wire.cpp.o  ./Libraries/SPI/SPI.cpp.o  ./Libraries/LiquidCrystal/LiquidCrystal.cpp.o  ./Libraries/EEPROM/EEPROM.cpp.o  ./LcdKeypad/LcdKeypad.cpp.o  ./Debounce/Debounce.cpp.o  ./Blanking/Blanking.cpp.o  ./Adafruit_CC3000/utility/cc3000_common.cpp.o ./Adafruit_CC3000/utility/debug.cpp.o ./Adafruit_CC3000/utility/evnt_handler.cpp.o ./Adafruit_CC3000/utility/hci.cpp.o ./Adafruit_CC3000/utility/netapp.cpp.o ./Adafruit_CC3000/utility/nvmem.cpp.o ./Adafruit_CC3000/utility/security.cpp.o ./Adafruit_CC3000/utility/sntp.cpp.o ./Adafruit_CC3000/utility/socket.cpp.o ./Adafruit_CC3000/utility/wlan.cpp.o  ./Adafruit_CC3000/Adafruit_CC3000.cpp.o ./Adafruit_CC3000/Adafruit_CC3000_Server.cpp.o ./Adafruit_CC3000/ccspi.cpp.o  ./lintilla_embedded.cpp.o   C:/git/erni/lintilla-embedded/src/Release/arduino.ar   "C:/git/erni/lintilla-embedded/src/Release/arduino.ar" "-LC:/git/erni/lintilla-embedded/src/Release" -lm
Finished building: lintilla_embedded.elf
 
Create eeprom image
"C:/HackSessions/Tools/arduino-1.5.2/hardware/tools/avr/bin/avr-objcopy" -O ihex -j .eeprom --set-section-flags=.eeprom=alloc,load --no-change-warnings --change-section-lma .eeprom=0 "C:/git/erni/lintilla-embedded/src/Release/lintilla_embedded.elf" "C:/git/erni/lintilla-embedded/src/Release/lintilla_embedded.eep"
Finished building: lintilla_embedded.eep
 
Create Flash image (ihex format)
"C:/HackSessions/Tools/arduino-1.5.2/hardware/tools/avr/bin/avr-objcopy" -O ihex -R .eeprom "C:/git/erni/lintilla-embedded/src/Release/lintilla_embedded.elf" "C:/git/erni/lintilla-embedded/src/Release/lintilla_embedded.hex"
Finished building: Release/lintilla_embedded.hex
 
Building target: lintilla_embedded
Printing size:
"C:/HackSessions/Tools/arduino-1.5.2/hardware/tools/avr/bin/avr-size" -A "C:/git/erni/lintilla-embedded/src/Release/lintilla_embedded.hex"
C:/git/erni/lintilla-embedded/src/Release/lintilla_embedded.hex  :
section    size   addr
.sec1   40524      0
Total   40524


Finished building target: lintilla_embedded
 

03:13:15 Build Finished (took 4s.841ms)

